<?xml version="1.0" encoding="UTF-8"?>
<!-- Generated by org.testng.reporters.JUnitReportReporter -->
<testsuite hostname="Aspire5" failures="0" tests="1" name="testScripts.LoginTest" time="4.393" errors="0" timestamp="2025-04-03T12:19:44 IST" skipped="0">
  <testcase classname="testScripts.LoginTest" name="verifyUserLoginWithValidUsernameAndInvalidPassword" time="4.393"/>
</testsuite> <!-- testScripts.LoginTest -->
