<?xml version="1.0" encoding="UTF-8"?>
<!-- Generated by org.testng.reporters.JUnitReportReporter -->
<testsuite hostname="Aspire5" failures="0" tests="1" name="testScripts.AdminUserTest" time="8.244" errors="0" timestamp="2025-04-03T12:11:46 IST" skipped="0">
  <testcase classname="testScripts.AdminUserTest" name="verifyUserIsAbleToAddNewUserToUsersList" time="8.244"/>
</testsuite> <!-- testScripts.AdminUserTest -->
