<?xml version="1.0" encoding="UTF-8"?>
<!-- Generated by org.testng.reporters.JUnitReportReporter -->
<testsuite hostname="Aspire5" failures="0" tests="1" name="testScripts.Hometest" time="7.790" errors="0" timestamp="2025-04-03T12:20:58 IST" skipped="0">
  <testcase classname="testScripts.Hometest" name="verifyUserIsAbleToLogoutFromHomePage" time="7.790"/>
</testsuite> <!-- testScripts.Hometest -->
