<?xml version="1.0" encoding="UTF-8"?>
<!-- Generated by org.testng.reporters.JUnitReportReporter -->
<testsuite hostname="Aspire5" failures="0" tests="1" name="testScripts.SubCategoryTest" time="17.207" errors="0" timestamp="2025-04-03T12:20:58 IST" skipped="0">
  <testcase classname="testScripts.SubCategoryTest" name="verifyUserIsAbleToAddCategoryOnSubCategory" time="17.207"/>
</testsuite> <!-- testScripts.SubCategoryTest -->
