<?xml version="1.0" encoding="UTF-8"?>
<!-- Generated by org.testng.reporters.JUnitReportReporter -->
<testsuite hostname="Aspire5" failures="0" tests="1" name="testScripts.ManageNewsTest" time="7.761" errors="0" timestamp="2025-04-03T12:12:33 IST" skipped="0">
  <testcase classname="testScripts.ManageNewsTest" name="verifyUserIsAbleToAddNewNews" time="7.761"/>
</testsuite> <!-- testScripts.ManageNewsTest -->
